In file included from [01m[K/opt/ros/humble/include/rclcpp/rclcpp/logging.hpp:24[m[K,
                 from [01m[K/opt/ros/humble/include/rclcpp/rclcpp/client.hpp:40[m[K,
                 from [01m[K/opt/ros/humble/include/rclcpp/rclcpp/callback_group.hpp:24[m[K,
                 from [01m[K/opt/ros/humble/include/rclcpp/rclcpp/any_executable.hpp:20[m[K,
                 from [01m[K/opt/ros/humble/include/rclcpp/rclcpp/memory_strategy.hpp:25[m[K,
                 from [01m[K/opt/ros/humble/include/rclcpp/rclcpp/memory_strategies.hpp:18[m[K,
                 from [01m[K/opt/ros/humble/include/rclcpp/rclcpp/executor_options.hpp:20[m[K,
                 from [01m[K/opt/ros/humble/include/rclcpp/rclcpp/executor.hpp:37[m[K,
                 from [01m[K/opt/ros/humble/include/rclcpp/rclcpp/executors/multi_threaded_executor.hpp:25[m[K,
                 from [01m[K/opt/ros/humble/include/rclcpp/rclcpp/executors.hpp:21[m[K,
                 from [01m[K/opt/ros/humble/include/rclcpp/rclcpp/rclcpp.hpp:155[m[K,
                 from [01m[K/home/cl/CLionProjects/ws02_tools/src/cpp04_tf_listener/src/demo02_msg_filter.cpp:1[m[K:
[01m[K/home/cl/CLionProjects/ws02_tools/src/cpp04_tf_listener/src/demo02_msg_filter.cpp:[m[K In member function ‘[01m[Kvoid TFPointListener::transform_point(const PointStamped&)[m[K’:
[01m[K/home/cl/CLionProjects/ws02_tools/src/cpp04_tf_listener/src/demo02_msg_filter.cpp:37:9:[m[K [01;31m[Kerror: [m[Kexpected primary-expression before ‘[01m[K)[m[K’ token
   37 |         [01;31m[KRCLCPP_INFO[m[K(this->get_logger(),"father_frame_id: %s,coor: (%.2f,%.2f,%.2f)",
      |         [01;31m[K^~~~~~~~~~~[m[K
gmake[2]: *** [CMakeFiles/demo02_msg_filter.dir/build.make:76：CMakeFiles/demo02_msg_filter.dir/src/demo02_msg_filter.cpp.o] 错误 1
gmake[1]: *** [CMakeFiles/Makefile2:165：CMakeFiles/demo02_msg_filter.dir/all] 错误 2
gmake[1]: *** 正在等待未完成的任务....
gmake: *** [Makefile:146：all] 错误 2
