[0.032s] Invoking command in '/home/cl/CLionProjects/ws02_tools/build/cpp04_tf_listener': CMAKE_PREFIX_PATH=${CMAKE_PREFIX_PATH}:/home/cl/CLionProjects/ws02_tools/install/py02_rosbag:/home/cl/CLionProjects/ws02_tools/install/py01_launch:/opt/ros/humble CONDA_PROMPT_MODIFIER=(base) /usr/bin/cmake --build /home/cl/CLionProjects/ws02_tools/build/cpp04_tf_listener -- -j8 -l8
[0.382s] -- Found ament_cmake: 1.3.11 (/opt/ros/humble/share/ament_cmake/cmake)
[0.382s] -- Found rclcpp: 16.0.11 (/opt/ros/humble/share/rclcpp/cmake)
[0.382s] -- Found rosidl_generator_c: 3.1.6 (/opt/ros/humble/share/rosidl_generator_c/cmake)
[0.382s] -- Found rosidl_adapter: 3.1.6 (/opt/ros/humble/share/rosidl_adapter/cmake)
[0.382s] -- Found rosidl_generator_cpp: 3.1.6 (/opt/ros/humble/share/rosidl_generator_cpp/cmake)
[0.382s] -- Using all available rosidl_typesupport_c: rosidl_typesupport_fastrtps_c;rosidl_typesupport_introspection_c
[0.382s] -- Using all available rosidl_typesupport_cpp: rosidl_typesupport_fastrtps_cpp;rosidl_typesupport_introspection_cpp
[0.382s] -- Found rmw_implementation_cmake: 6.1.2 (/opt/ros/humble/share/rmw_implementation_cmake/cmake)
[0.382s] -- Found rmw_fastrtps_cpp: 6.2.7 (/opt/ros/humble/share/rmw_fastrtps_cpp/cmake)
[0.450s] -- Using RMW implementation 'rmw_fastrtps_cpp' as default
[0.508s] -- Found tf2: 0.25.12 (/opt/ros/humble/share/tf2/cmake)
[0.528s] -- Found tf2_ros: 0.25.12 (/opt/ros/humble/share/tf2_ros/cmake)
[0.615s] -- Found tf2_geometry_msgs: 0.25.12 (/opt/ros/humble/share/tf2_geometry_msgs/cmake)
[0.630s] -- Found eigen3_cmake_module: 0.1.1 (/opt/ros/humble/share/eigen3_cmake_module/cmake)
[0.631s] -- Found Eigen3: TRUE (found version "3.4.0") 
[0.631s] -- Ensuring Eigen3 include directory is part of orocos-kdl CMake target
[0.636s] -- Found ament_lint_auto: 0.12.11 (/opt/ros/humble/share/ament_lint_auto/cmake)
[0.757s] -- Added test 'cppcheck' to perform static code analysis on C / C++ code
[0.757s] -- Configured cppcheck include dirs: $<BUILD_INTERFACE:/home/cl/CLionProjects/ws02_tools/src/cpp04_tf_listener/include>
[0.757s] -- Configured cppcheck exclude dirs and/or files: 
[0.757s] -- Added test 'lint_cmake' to check CMake code style
[0.758s] -- Added test 'uncrustify' to check C / C++ code style
[0.758s] -- Configured uncrustify additional arguments: 
[0.758s] -- Added test 'xmllint' to check XML markup files
[0.759s] -- Configuring done
[0.774s] -- Generating done
[0.781s] -- Build files have been written to: /home/cl/CLionProjects/ws02_tools/build/cpp04_tf_listener
[0.808s] [35m[1mConsolidate compiler generated dependencies of target demo01_tf_listener[0m
[0.818s] [ 25%] [32mBuilding CXX object CMakeFiles/demo02_msg_filter.dir/src/demo02_msg_filter.cpp.o[0m
[0.825s] [ 50%] [32mBuilding CXX object CMakeFiles/demo01_tf_listener.dir/src/demo01_tf_listener.cpp.o[0m
[4.135s] In file included from [01m[K/opt/ros/humble/include/rclcpp/rclcpp/logging.hpp:24[m[K,
[4.135s]                  from [01m[K/opt/ros/humble/include/rclcpp/rclcpp/client.hpp:40[m[K,
[4.135s]                  from [01m[K/opt/ros/humble/include/rclcpp/rclcpp/callback_group.hpp:24[m[K,
[4.135s]                  from [01m[K/opt/ros/humble/include/rclcpp/rclcpp/any_executable.hpp:20[m[K,
[4.135s]                  from [01m[K/opt/ros/humble/include/rclcpp/rclcpp/memory_strategy.hpp:25[m[K,
[4.135s]                  from [01m[K/opt/ros/humble/include/rclcpp/rclcpp/memory_strategies.hpp:18[m[K,
[4.135s]                  from [01m[K/opt/ros/humble/include/rclcpp/rclcpp/executor_options.hpp:20[m[K,
[4.136s]                  from [01m[K/opt/ros/humble/include/rclcpp/rclcpp/executor.hpp:37[m[K,
[4.136s]                  from [01m[K/opt/ros/humble/include/rclcpp/rclcpp/executors/multi_threaded_executor.hpp:25[m[K,
[4.136s]                  from [01m[K/opt/ros/humble/include/rclcpp/rclcpp/executors.hpp:21[m[K,
[4.136s]                  from [01m[K/opt/ros/humble/include/rclcpp/rclcpp/rclcpp.hpp:155[m[K,
[4.136s]                  from [01m[K/home/cl/CLionProjects/ws02_tools/src/cpp04_tf_listener/src/demo02_msg_filter.cpp:1[m[K:
[4.136s] [01m[K/home/cl/CLionProjects/ws02_tools/src/cpp04_tf_listener/src/demo02_msg_filter.cpp:[m[K In member function ‚Äò[01m[Kvoid TFPointListener::transform_point(const PointStamped&)[m[K‚Äô:
[4.136s] [01m[K/home/cl/CLionProjects/ws02_tools/src/cpp04_tf_listener/src/demo02_msg_filter.cpp:37:9:[m[K [01;31m[Kerror: [m[Kexpected primary-expression before ‚Äò[01m[K)[m[K‚Äô token
[4.136s]    37 |         [01;31m[KRCLCPP_INFO[m[K(this->get_logger(),"father_frame_id: %s,coor: (%.2f,%.2f,%.2f)",
[4.136s]       |         [01;31m[K^~~~~~~~~~~[m[K
[7.746s] gmake[2]: *** [CMakeFiles/demo02_msg_filter.dir/build.make:76ÔºöCMakeFiles/demo02_msg_filter.dir/src/demo02_msg_filter.cpp.o] ÈîôËØØ 1
[7.746s] gmake[1]: *** [CMakeFiles/Makefile2:165ÔºöCMakeFiles/demo02_msg_filter.dir/all] ÈîôËØØ 2
[7.746s] gmake[1]: *** Ê≠£Âú®Á≠âÂæÖÊú™ÂÆåÊàêÁöÑ‰ªªÂä°....
[11.161s] [ 75%] [32m[1mLinking CXX executable demo01_tf_listener[0m
[11.707s] [ 75%] Built target demo01_tf_listener
[11.708s] gmake: *** [Makefile:146Ôºöall] ÈîôËØØ 2
[11.710s] Invoked command in '/home/cl/CLionProjects/ws02_tools/build/cpp04_tf_listener' returned '2': CMAKE_PREFIX_PATH=${CMAKE_PREFIX_PATH}:/home/cl/CLionProjects/ws02_tools/install/py02_rosbag:/home/cl/CLionProjects/ws02_tools/install/py01_launch:/opt/ros/humble CONDA_PROMPT_MODIFIER=(base) /usr/bin/cmake --build /home/cl/CLionProjects/ws02_tools/build/cpp04_tf_listener -- -j8 -l8
